<?xml version="1.0" encoding="UTF-8"?>
<!-- Generated by org.testng.reporters.JUnitReportReporter -->
<testsuite hostname="DESKTOP-5NPJ8L2" failures="0" tests="4" name="api.test.UserTestsByPropertiesFile" time="7.491" errors="0" timestamp="2024-05-27T08:39:07 IST" skipped="0">
  <testcase classname="api.test.UserTestsByPropertiesFile" name="testPostUser" time="4.014"/>
  <system-out/>
  <testcase classname="api.test.UserTestsByPropertiesFile" name="testGetUserByName" time="1.194"/>
  <system-out/>
  <testcase classname="api.test.UserTestsByPropertiesFile" name="testUpdateUser" time="1.142"/>
  <system-out/>
  <testcase classname="api.test.UserTestsByPropertiesFile" name="testDeleteUserByName" time="1.141"/>
  <system-out/>
</testsuite> <!-- api.test.UserTestsByPropertiesFile -->
