<?xml version="1.0" encoding="UTF-8"?>
<!-- Generated by org.testng.reporters.JUnitReportReporter -->
<testsuite hostname="DESKTOP-5NPJ8L2" failures="0" tests="3" name="api.test.UserTests" time="7.519" errors="0" timestamp="2024-05-25T09:36:52 IST" skipped="0">
  <testcase classname="api.test.UserTests" name="testPostUser" time="5.093"/>
  <system-out/>
  <testcase classname="api.test.UserTests" name="testGetUserByName" time="1.212"/>
  <system-out/>
  <testcase classname="api.test.UserTests" name="testUpdateUser" time="1.214"/>
  <system-out/>
</testsuite> <!-- api.test.UserTests -->
