<?xml version="1.0" encoding="UTF-8"?>
<!-- Generated by org.testng.reporters.JUnitReportReporter -->
<testsuite hostname="DESKTOP-5NPJ8L2" failures="0" tests="4" name="api.test.UserTests" time="12.340" errors="0" timestamp="2024-05-27T07:25:14 IST" skipped="0">
  <testcase classname="api.test.UserTests" name="testPostUser" time="8.134"/>
  <system-out/>
  <testcase classname="api.test.UserTests" name="testGetUserByName" time="1.388"/>
  <system-out/>
  <testcase classname="api.test.UserTests" name="testUpdateUser" time="1.306"/>
  <system-out/>
  <testcase classname="api.test.UserTests" name="testDeleteUserByName" time="1.512"/>
  <system-out/>
</testsuite> <!-- api.test.UserTests -->
