<?xml version="1.0" encoding="UTF-8"?>
<!-- Generated by org.testng.reporters.JUnitReportReporter -->
<testsuite hostname="DESKTOP-5NPJ8L2" failures="0" tests="4" name="api.test.UserTests" time="7.832" errors="0" timestamp="2024-05-29T07:49:12 IST" skipped="0">
  <testcase classname="api.test.UserTests" name="testPostUser" time="4.104"/>
  <system-out/>
  <testcase classname="api.test.UserTests" name="testGetUserByName" time="1.234"/>
  <system-out/>
  <testcase classname="api.test.UserTests" name="testUpdateUser" time="1.240"/>
  <system-out/>
  <testcase classname="api.test.UserTests" name="testDeleteUserByName" time="1.254"/>
  <system-out/>
</testsuite> <!-- api.test.UserTests -->
